TN:
SF:index.js
FN:10,(anonymous_0)
FN:14,(anonymous_1)
FN:16,(anonymous_2)
FN:21,(anonymous_3)
FN:24,(anonymous_4)
FN:32,(anonymous_5)
FN:42,(anonymous_6)
FN:53,(anonymous_7)
FN:57,(anonymous_8)
FN:70,(anonymous_9)
FNF:10
FNH:10
FNDA:1,(anonymous_0)
FNDA:2,(anonymous_1)
FNDA:5,(anonymous_2)
FNDA:2,(anonymous_3)
FNDA:5,(anonymous_4)
FNDA:3,(anonymous_5)
FNDA:6,(anonymous_6)
FNDA:3,(anonymous_7)
FNDA:6,(anonymous_8)
FNDA:1,(anonymous_9)
DA:1,1
DA:2,1
DA:4,1
DA:6,1
DA:8,1
DA:10,1
DA:11,1
DA:14,1
DA:15,2
DA:16,5
DA:17,2
DA:18,1
DA:21,1
DA:22,2
DA:23,2
DA:24,5
DA:25,2
DA:27,1
DA:28,1
DA:32,1
DA:33,3
DA:34,3
DA:35,3
DA:36,1
DA:42,6
DA:43,2
DA:44,1
DA:45,1
DA:47,1
DA:53,1
DA:54,3
DA:55,3
DA:56,2
DA:57,6
DA:59,2
DA:60,1
DA:61,1
DA:62,1
DA:64,1
DA:67,1
DA:70,1
DA:71,1
DA:74,1
LF:43
LH:43
BRDA:17,0,0,1
BRDA:17,0,1,1
BRDA:25,1,0,1
BRDA:25,1,1,1
BRDA:35,2,0,1
BRDA:35,2,1,2
BRDA:43,3,0,1
BRDA:43,3,1,1
BRDA:55,4,0,2
BRDA:55,4,1,1
BRDA:59,5,0,1
BRDA:59,5,1,1
BRF:12
BRH:12
end_of_record
